----------

Mon Jan 17 2022 18:28:23 GMT-0800 (Pacific Standard Time)

error: src refspec main does not match any
error: failed to push some refs to 'github.com:dylankemp/dylankemp.github.io.git'


----------

Mon Jan 17 2022 18:30:39 GMT-0800 (Pacific Standard Time)

fatal: The current branch master has no upstream branch.
To push the current branch and set the remote as upstream, use

    git push --set-upstream origin master



----------

Mon Jan 17 2022 18:31:56 GMT-0800 (Pacific Standard Time)

error: src refspec main does not match any
error: failed to push some refs to 'github.com:dylankemp/dylankemp.github.io.git'


----------

Mon Jan 17 2022 18:33:22 GMT-0800 (Pacific Standard Time)

fatal: The current branch master has no upstream branch.
To push the current branch and set the remote as upstream, use

    git push --set-upstream origin master



----------

Mon Jan 17 2022 18:38:29 GMT-0800 (Pacific Standard Time)

fatal: The current branch master has no upstream branch.
To push the current branch and set the remote as upstream, use

    git push --set-upstream origin master



----------

Mon Jan 17 2022 18:45:44 GMT-0800 (Pacific Standard Time)

fatal: The current branch master has no upstream branch.
To push the current branch and set the remote as upstream, use

    git push --set-upstream origin master



----------

Mon Jan 17 2022 18:46:05 GMT-0800 (Pacific Standard Time)

error: src refspec main does not match any
error: failed to push some refs to 'github.com:dylankemp/dylankemp.github.io.git'


----------

Mon Jan 17 2022 18:48:17 GMT-0800 (Pacific Standard Time)

error: src refspec main does not match any
error: failed to push some refs to 'github.com:dylankemp/dylankemp.github.io.git'


----------

Mon Jan 17 2022 18:49:58 GMT-0800 (Pacific Standard Time)

error: src refspec main does not match any
error: failed to push some refs to 'github.com:dylankemp/dylankemp.github.io.git'


----------

Mon Jan 17 2022 18:51:30 GMT-0800 (Pacific Standard Time)

error: src refspec main does not match any
error: failed to push some refs to 'github.com:dylankemp/dylankemp.github.io.git'


